2020-11-01 21:41:36,048 - NewLogger - INFO - Старт программы
2020-11-01 21:41:43,479 - NewLogger - INFO - Выбранный тип работы программы: расшифровка
2020-11-01 21:41:50,171 - NewLogger - INFO - Введенное сообщение: сугукаугакт ; введенный шаг: 3 
2020-11-01 21:41:50,172 - NewLogger - INFO - Программа начала работу над сообщением
2020-11-01 21:41:50,173 - NewLogger - INFO - Программа закончила работу над сообщением
2020-11-01 21:47:23,611 - NewLogger - INFO - Старт программы
2020-11-01 21:47:23,613 - NewLogger - INFO - Программа начала работу
2020-11-01 21:47:29,961 - NewLogger - INFO - Выбран русский язык
2020-11-01 21:47:36,895 - NewLogger - INFO - Введенный текст: мкеик ; введенный шаг: 4 
2020-11-01 21:47:36,897 - NewLogger - INFO - Выбран режим: дешифрование
2020-11-01 21:47:36,899 - NewLogger - INFO - Выведен расшифрованый текст: ижбеж 
2020-11-01 21:47:43,268 - NewLogger - INFO - Программа закончила работу
2020-11-01 22:01:21,331 - NewLogger - INFO - Программа начала работу
2020-11-01 22:01:26,890 - NewLogger - INFO - Выбран русский язык
2020-11-01 22:01:34,361 - NewLogger - INFO - Введенный текст: тштпкышту ; введенный шаг: 4 
2020-11-01 22:01:34,362 - NewLogger - INFO - Выбран режим: шифрование
2020-11-01 22:01:34,364 - NewLogger - INFO - Выведен зашифрованый текст: цьцуояьцч 
2020-11-01 22:01:36,831 - NewLogger - INFO - Программа продолжает работу
2020-11-01 22:01:42,284 - NewLogger - INFO - Выбран русский язык
2020-11-01 22:01:51,656 - NewLogger - INFO - Введенный текст: муигугау ; введенный шаг: 1 
2020-11-01 22:01:51,658 - NewLogger - INFO - Выбран режим: дешифрование
2020-11-01 22:01:51,659 - NewLogger - INFO - Выведен расшифрованый текст: лтзвтвят 
2020-11-01 22:01:54,952 - NewLogger - INFO - Программа закончила работу
2020-11-01 22:01:57,803 - NewLogger - INFO - Программа начала работу
2020-11-01 22:02:00,450 - NewLogger - ERROR - Произошла ошибка при выборе языка программы
2020-11-01 22:02:11,838 - NewLogger - INFO - Выбран русский язык
2020-11-01 22:02:20,225 - NewLogger - INFO - Введенный текст: иотвпткы ; введенный шаг: 7 
2020-11-01 22:02:20,227 - NewLogger - INFO - Выбран режим: шифрование
2020-11-01 22:02:20,229 - NewLogger - INFO - Выведен зашифрованый текст: пхщицщсв 
2020-11-01 22:02:23,609 - NewLogger - INFO - Программа продолжает работу
2020-11-01 22:02:30,472 - NewLogger - INFO - Выбран русский язык
2020-11-01 22:02:32,205 - NewLogger - ERROR - Произошла ошибка при выборе режима программы
2020-11-01 22:02:34,980 - NewLogger - ERROR - Произошла ошибка при выборе режима программы
2020-11-01 22:02:44,774 - NewLogger - INFO - Введенный текст: рвкпвпк ; введенный шаг: 4 
2020-11-01 22:02:44,776 - NewLogger - INFO - Выбран режим: дешифрование
2020-11-01 22:02:44,778 - NewLogger - INFO - Выведен расшифрованый текст: мюжлюлж 
2020-11-01 22:02:48,477 - NewLogger - INFO - Программа закончила работу
